#
# There is insufficient memory for the Java Runtime Environment to continue.
# Native memory allocation (malloc) failed to allocate 1048576 bytes for AllocateHeap
# Possible reasons:
#   The system is out of physical RAM or swap space
#   In 32 bit mode, the process size limit was hit
# Possible solutions:
#   Reduce memory load on the system
#   Increase physical memory or swap space
#   Check if swap backing store is full
#   Use 64 bit Java on a 64 bit OS
#   Decrease Java heap size (-Xmx/-Xms)
#   Decrease number of Java threads
#   Decrease Java thread stack sizes (-Xss)
#   Set larger code cache with -XX:ReservedCodeCacheSize=
# This output file may be truncated or incomplete.
#
#  Out of Memory Error (memory/allocation.inline.hpp:61), pid=400, tid=0x0000000000001f34
#
# JRE version:  (8.0_191-b12) (build )
# Java VM: Java HotSpot(TM) 64-Bit Server VM (25.191-b12 mixed mode windows-amd64 compressed oops)
# Failed to write core dump. Minidumps are not enabled by default on client versions of Windows
#

---------------  T H R E A D  ---------------

Current thread (0x0000000002a92800):  JavaThread "Unknown thread" [_thread_in_vm, id=7988, stack(0x0000000002920000,0x0000000002a20000)]

Stack: [0x0000000002920000,0x0000000002a20000]
[error occurred during error reporting (printing stack bounds), id 0xc0000005]

Native frames: (J=compiled Java code, j=interpreted, Vv=VM code, C=native code)


---------------  P R O C E S S  ---------------

Java Threads: ( => current thread )

Other Threads:

=>0x0000000002a92800 (exited) JavaThread "Unknown thread" [_thread_in_vm, id=7988, stack(0x0000000002920000,0x0000000002a20000)]

VM state:not at safepoint (normal execution)

VM Mutex/Monitor currently owned by a thread: None

Heap:
 PSYoungGen      total 38400K, used 665K [0x00000000d5b80000, 0x00000000d8600000, 0x0000000100000000)
  eden space 33280K, 2% used [0x00000000d5b80000,0x00000000d5c26670,0x00000000d7c00000)
  from space 5120K, 0% used [0x00000000d8100000,0x00000000d8100000,0x00000000d8600000)
  to   space 5120K, 0% used [0x00000000d7c00000,0x00000000d7c00000,0x00000000d8100000)
 ParOldGen       total 87552K, used 0K [0x0000000081200000, 0x0000000086780000, 0x00000000d5b80000)
  object space 87552K, 0% used [0x0000000081200000,0x0000000081200000,0x0000000086780000)
 Metaspace       used 751K, capacity 4480K, committed 4480K, reserved 1056768K
  class space    used 76K, capacity 384K, committed 384K, reserved 1048576K

Card table byte_map: [0x0000000011f50000,0x0000000012350000] byte_map_base: 0x0000000011b47000

Marking Bits: (ParMarkBitMap*) 0x0000000059b53e30
 Begin Bits: [0x0000000012a00000, 0x00000000149b8000)
 End Bits:   [0x00000000149b8000, 0x0000000016970000)

Polling page: 0x00000000007f0000

CodeCache: size=245760Kb used=328Kb max_used=328Kb free=245431Kb
 bounds [0x0000000002b90000, 0x0000000002e00000, 0x0000000011b90000]
 total_blobs=58 nmethods=0 adapters=38
 compilation: enabled

Compilation events (0 events):
No events

GC Heap History (0 events):
No events

Deoptimization events (0 events):
No events

Classes redefined (0 events):
No events

Internal exceptions (0 events):
No events

Events (10 events):
Event: 0.022 loading class java/lang/Short
Event: 0.022 loading class java/lang/Short done
Event: 0.022 loading class java/lang/Integer
Event: 0.022 loading class java/lang/Integer done
Event: 0.022 loading class java/lang/Long
Event: 0.022 loading class java/lang/Long done
Event: 0.022 loading class java/lang/NullPointerException
Event: 0.023 loading class java/lang/NullPointerException done
Event: 0.023 loading class java/lang/ArithmeticException
Event: 0.023 loading class java/lang/ArithmeticException done


Dynamic libraries:
0x00007ff7b6cd0000 - 0x00007ff7b6d07000 	C:\Program Files\Java\jre1.8.0_191\bin\javaw.exe
0x00007ff9611f0000 - 0x00007ff9613d1000 	C:\WINDOWS\SYSTEM32\ntdll.dll
0x00007ff961100000 - 0x00007ff9611b2000 	C:\WINDOWS\System32\KERNEL32.DLL
0x00007ff95d5c0000 - 0x00007ff95d833000 	C:\WINDOWS\System32\KERNELBASE.dll
0x00007ff960770000 - 0x00007ff960811000 	C:\WINDOWS\System32\ADVAPI32.dll
0x00007ff960ee0000 - 0x00007ff960f7e000 	C:\WINDOWS\System32\msvcrt.dll
0x00007ff960d10000 - 0x00007ff960d6b000 	C:\WINDOWS\System32\sechost.dll
0x00007ff95fad0000 - 0x00007ff95fbf4000 	C:\WINDOWS\System32\RPCRT4.dll
0x00007ff9608d0000 - 0x00007ff960a60000 	C:\WINDOWS\System32\USER32.dll
0x00007ff95e290000 - 0x00007ff95e2b0000 	C:\WINDOWS\System32\win32u.dll
0x00007ff9608a0000 - 0x00007ff9608c8000 	C:\WINDOWS\System32\GDI32.dll
0x00007ff95d840000 - 0x00007ff95d9d2000 	C:\WINDOWS\System32\gdi32full.dll
0x00007ff95e1f0000 - 0x00007ff95e28f000 	C:\WINDOWS\System32\msvcp_win.dll
0x00007ff95d9e0000 - 0x00007ff95dad8000 	C:\WINDOWS\System32\ucrtbase.dll
0x00007ff951c50000 - 0x00007ff951eb9000 	C:\WINDOWS\WinSxS\amd64_microsoft.windows.common-controls_6595b64144ccf1df_6.0.17134.648_none_fb45a0e93062a6d2\COMCTL32.dll
0x00007ff9600f0000 - 0x00007ff960412000 	C:\WINDOWS\System32\combase.dll
0x00007ff95e300000 - 0x00007ff95e37a000 	C:\WINDOWS\System32\bcryptPrimitives.dll
0x00007ff9604f0000 - 0x00007ff96051d000 	C:\WINDOWS\System32\IMM32.DLL
0x0000000059e80000 - 0x0000000059f52000 	C:\Program Files\Java\jre1.8.0_191\bin\msvcr100.dll
0x0000000059330000 - 0x0000000059bd4000 	C:\Program Files\Java\jre1.8.0_191\bin\server\jvm.dll
0x00007ff960f80000 - 0x00007ff960f88000 	C:\WINDOWS\System32\PSAPI.DLL
0x00007ff95c110000 - 0x00007ff95c11a000 	C:\WINDOWS\SYSTEM32\VERSION.dll
0x00007ff955720000 - 0x00007ff955729000 	C:\WINDOWS\SYSTEM32\WSOCK32.dll
0x00007ff960a60000 - 0x00007ff960acc000 	C:\WINDOWS\System32\WS2_32.dll
0x00007ff95b0f0000 - 0x00007ff95b113000 	C:\WINDOWS\SYSTEM32\WINMM.dll
0x00007ff95b0c0000 - 0x00007ff95b0ea000 	C:\WINDOWS\SYSTEM32\WINMMBASE.dll
0x00007ff95e2b0000 - 0x00007ff95e2f9000 	C:\WINDOWS\System32\cfgmgr32.dll
0x0000000059c10000 - 0x0000000059c1f000 	C:\Program Files\Java\jre1.8.0_191\bin\verify.dll
0x0000000059300000 - 0x0000000059329000 	C:\Program Files\Java\jre1.8.0_191\bin\java.dll
0x00000000592e0000 - 0x00000000592f6000 	C:\Program Files\Java\jre1.8.0_191\bin\zip.dll

VM Arguments:
jvm_args: -Dfile.encoding=Cp1252 
java_command: juegovamp.Main
java_class_path (initial): C:\Users\javase\Desktop\Ejercicios JAVA\juegovamp\bin
Launcher Type: SUN_STANDARD

Environment Variables:
USERNAME=javase
OS=Windows_NT
PROCESSOR_IDENTIFIER=Intel64 Family 6 Model 94 Stepping 3, GenuineIntel



---------------  S Y S T E M  ---------------

OS: Windows 10.0 , 64 bit Build 17134 (10.0.17134.648)

CPU:total 4 (initial active 4) (4 cores per cpu, 1 threads per core) family 6 model 94 stepping 3, cmov, cx8, fxsr, mmx, sse, sse2, sse3, ssse3, sse4.1, sse4.2, popcnt, avx, avx2, aes, clmul, erms, rtm, 3dnowpref, lzcnt, tsc, tscinvbit, bmi1, bmi2, adx

Memory: 4k page, physical 8307764k(4084992k free), swap 10404916k(5852k free)

vm_info: Java HotSpot(TM) 64-Bit Server VM (25.191-b12) for windows-amd64 JRE (1.8.0_191-b12), built on Oct  6 2018 09:29:03 by "java_re" with MS VC++ 10.0 (VS2010)

time: Tue Apr 02 11:51:31 2019
elapsed time: 0 seconds (0d 0h 0m 0s)

